<?xml version="1.0" encoding="UTF-8"?>
<!-- Generated by org.testng.reporters.JUnitReportReporter -->
<testsuite skipped="0" hostname="LAPTOP-PQ79RKAL" name="test1.Test1" tests="2" failures="0" timestamp="26 Jun 2019 13:43:47 GMT" time="0.007" errors="0">
  <testcase name="mergeTest" time="0.007" classname="test1.Test1"/>
  <testcase name="test1" time="0.000" classname="test1.Test1"/>
</testsuite> <!-- test1.Test1 -->
